<?xml version="1.0" encoding="UTF-8"?>
<!-- Generated by org.testng.reporters.JUnitReportReporter -->
<testsuite hostname="LAPTOP-O2PBLEOG" failures="0" tests="1" name="testCases.TC001_AccountRegistrationTest" time="2.753" errors="0" timestamp="2024-11-20T18:04:18 IST" skipped="0">
  <testcase classname="testCases.TC001_AccountRegistrationTest" name="verify_account_registration" time="2.753"/>
</testsuite> <!-- testCases.TC001_AccountRegistrationTest -->
