<?xml version="1.0" encoding="UTF-8"?>
<!-- Generated by org.testng.reporters.JUnitReportReporter -->
<testsuite hostname="LAPTOP-O2PBLEOG" failures="0" tests="1" name="testCases.TC001_AccountRegistrationTest" time="3.533" errors="0" timestamp="2024-11-20T23:29:27 IST" skipped="0">
  <testcase classname="testCases.TC001_AccountRegistrationTest" name="verify_account_registration" time="3.533"/>
</testsuite> <!-- testCases.TC001_AccountRegistrationTest -->
